D:\ULL\TFG\Planos\iter_1.dwg,Planta,27/04/2018 10:48:08,Javi,AutoCAD PDF (High Quality Print).pc3,ISO A4 (210.00 x 297.00 mm),1:1,
D:\ULL\TFG\Planos\iter_1.dwg,Planta,27/04/2018 10:50:43,Javi,AutoCAD PDF (High Quality Print).pc3,ISO full bleed A4 (210.00 x 297.00 mm),1:1,
D:\ULL\TFG\Planos\iter_1.dwg,Planta,27/04/2018 11:01:16,Javi,AutoCAD PDF (High Quality Print).pc3,ISO full bleed A4 (210.00 x 297.00 mm),1:1,
D:\ULL\TFG\Planos\iter_1.dwg,Planta,27/04/2018 11:06:08,Javi,AutoCAD PDF (High Quality Print).pc3,ISO full bleed A4 (210.00 x 297.00 mm),1:1,
D:\ULL\TFG\Planos\iter_1.dwg,Planta,27/04/2018 11:07:05,Javi,AutoCAD PDF (High Quality Print).pc3,ISO full bleed A4 (210.00 x 297.00 mm),1:1,
D:\ULL\TFG\Planos\iter_2.dwg,Planta,30/04/2018 19:45:06,Javi,AutoCAD PDF (High Quality Print).pc3,ISO full bleed A4 (210.00 x 297.00 mm),1:1,
D:\ULL\TFG\Planos\rpi_support.dwg,rpi_support,02/05/2018 17:21:55,Javi,AutoCAD PDF (High Quality Print).pc3,ISO full bleed A4 (210.00 x 297.00 mm),1:1,
D:\ULL\TFG\Planos\dc_dc_support.dwg,dc_dc_support,02/05/2018 17:21:55,Javi,AutoCAD PDF (High Quality Print).pc3,ISO full bleed A4 (210.00 x 297.00 mm),1:1,
D:\ULL\TFG\Planos\arduino_support.dwg,arduino_support,02/05/2018 17:21:56,Javi,AutoCAD PDF (High Quality Print).pc3,ISO full bleed A4 (210.00 x 297.00 mm),1:1,
D:\ULL\TFG\Planos\iter_1.dwg,Planta,29/05/2018 0:17:41,Javi,AutoCAD PDF (High Quality Print).pc3,ISO full bleed A4 (210.00 x 297.00 mm),1:1,
D:\ULL\TFG\Planos\case_bot.dwg,dc_dc_support,30/05/2018 15:47:17,Javi,AutoCAD PDF (High Quality Print).pc3,ISO full bleed A4 (210.00 x 297.00 mm),1:1,
D:\ULL\TFG\Planos\case_top.dwg,dc_dc_support,30/05/2018 15:47:56,Javi,AutoCAD PDF (High Quality Print).pc3,ISO full bleed A4 (210.00 x 297.00 mm),1:1,
D:\ULL\TFG\Planos\iter_2.dwg,Planta,30/05/2018 15:48:20,Javi,AutoCAD PDF (High Quality Print).pc3,ISO full bleed A4 (210.00 x 297.00 mm),1:1,
D:\ULL\TFG\Planos\rpi_support.dwg,rpi_support,30/05/2018 15:48:54,Javi,AutoCAD PDF (High Quality Print).pc3,ISO full bleed A4 (210.00 x 297.00 mm),1:1,
D:\ULL\TFG\Planos\dc_dc_support.dwg,dc_dc_support,30/05/2018 15:49:17,Javi,AutoCAD PDF (High Quality Print).pc3,ISO full bleed A4 (210.00 x 297.00 mm),1:1,
D:\ULL\TFG\Planos\arduino_support.dwg,arduino_support,30/05/2018 15:49:41,Javi,AutoCAD PDF (High Quality Print).pc3,ISO full bleed A4 (210.00 x 297.00 mm),1:1,
D:\ULL\TFG\Planos\case_top.dwg,case_top,30/05/2018 15:50:30,Javi,AutoCAD PDF (High Quality Print).pc3,ISO full bleed A4 (210.00 x 297.00 mm),1:1,
D:\ULL\TFG\Planos\case_bot.dwg,case_bot,30/05/2018 15:50:52,Javi,AutoCAD PDF (High Quality Print).pc3,ISO full bleed A4 (210.00 x 297.00 mm),1:1,
D:\ULL\TFG\Planos\iter_2.dwg,Planta,07/06/2018 11:46:48,Javi,AutoCAD PDF (High Quality Print).pc3,ISO full bleed A4 (210.00 x 297.00 mm),1:1,
D:\ULL\TFG\Planos\iter_2.dwg,Visión,07/06/2018 11:54:50,Javi,AutoCAD PDF (High Quality Print).pc3,ISO full bleed A4 (210.00 x 297.00 mm),1:1,
D:\ULL\TFG\Planos\rpi_support.dwg,rpi_support,23/06/2018 17:49:33,Javi,AutoCAD PDF (High Quality Print).pc3,ISO full bleed A4 (210.00 x 297.00 mm),1:1,
D:\ULL\TFG\Planos\dc_dc_support.dwg,dc_dc_support,23/06/2018 17:50:06,Javi,AutoCAD PDF (High Quality Print).pc3,ISO full bleed A4 (210.00 x 297.00 mm),1:1,
D:\ULL\TFG\Planos\arduino_support.dwg,arduino_support,23/06/2018 17:50:51,Javi,AutoCAD PDF (High Quality Print).pc3,ISO full bleed A4 (210.00 x 297.00 mm),1:1,
D:\ULL\TFG\Planos\case_bot.dwg,case_bot,23/06/2018 17:52:28,Javi,AutoCAD PDF (High Quality Print).pc3,ISO full bleed A4 (210.00 x 297.00 mm),1:1,
D:\ULL\TFG\Planos\case_top.dwg,case_top,23/06/2018 17:53:39,Javi,AutoCAD PDF (High Quality Print).pc3,ISO full bleed A4 (210.00 x 297.00 mm),1:1,
